<?xml version="1.0" encoding="UTF-8"?>
<testsuite xmlns:xsi="http://www.w3.org/2001/XMLSchema-instance" xsi:noNamespaceSchemaLocation="https://maven.apache.org/surefire/maven-surefire-plugin/xsd/surefire-test-report.xsd" name="cn.lbd.test.TestController" time="10.58" tests="1" errors="1" skipped="0" failures="0">
  <properties>
    <property name="sun.desktop" value="windows"/>
    <property name="awt.toolkit" value="sun.awt.windows.WToolkit"/>
    <property name="java.specification.version" value="11"/>
    <property name="sun.cpu.isalist" value="amd64"/>
    <property name="sun.jnu.encoding" value="GBK"/>
    <property name="java.class.path" value="C:\Users\lenovo\IdeaProjects\SSM_CRUD\target\test-classes;C:\Users\lenovo\IdeaProjects\SSM_CRUD\target\classes;F:\maven_repository\maven_repository\org\aspectj\aspectjweaver\1.6.8\aspectjweaver-1.6.8.jar;F:\maven_repository\maven_repository\org\springframework\spring-aop\5.0.2.RELEASE\spring-aop-5.0.2.RELEASE.jar;F:\maven_repository\maven_repository\org\springframework\spring-beans\5.0.2.RELEASE\spring-beans-5.0.2.RELEASE.jar;F:\maven_repository\maven_repository\org\springframework\spring-core\5.0.2.RELEASE\spring-core-5.0.2.RELEASE.jar;F:\maven_repository\maven_repository\org\springframework\spring-jcl\5.0.2.RELEASE\spring-jcl-5.0.2.RELEASE.jar;F:\maven_repository\maven_repository\org\springframework\spring-context\5.0.2.RELEASE\spring-context-5.0.2.RELEASE.jar;F:\maven_repository\maven_repository\org\springframework\spring-expression\5.0.2.RELEASE\spring-expression-5.0.2.RELEASE.jar;F:\maven_repository\maven_repository\org\springframework\spring-web\5.0.2.RELEASE\spring-web-5.0.2.RELEASE.jar;F:\maven_repository\maven_repository\org\springframework\spring-webmvc\5.0.2.RELEASE\spring-webmvc-5.0.2.RELEASE.jar;F:\maven_repository\maven_repository\org\springframework\spring-test\5.0.2.RELEASE\spring-test-5.0.2.RELEASE.jar;F:\maven_repository\maven_repository\org\springframework\spring-tx\5.0.2.RELEASE\spring-tx-5.0.2.RELEASE.jar;F:\maven_repository\maven_repository\org\springframework\spring-jdbc\5.0.2.RELEASE\spring-jdbc-5.0.2.RELEASE.jar;F:\maven_repository\maven_repository\junit\junit\4.12\junit-4.12.jar;F:\maven_repository\maven_repository\org\hamcrest\hamcrest-core\1.3\hamcrest-core-1.3.jar;F:\maven_repository\maven_repository\c3p0\c3p0\0.9.1.2\c3p0-0.9.1.2.jar;F:\maven_repository\maven_repository\mysql\mysql-connector-java\5.1.6\mysql-connector-java-5.1.6.jar;F:\maven_repository\maven_repository\jstl\jstl\1.2\jstl-1.2.jar;F:\maven_repository\maven_repository\javax\servlet\jsp\jsp-api\2.0\jsp-api-2.0.jar;F:\maven_repository\maven_repository\javax\servlet\javax.servlet-api\3.0.1\javax.servlet-api-3.0.1.jar;F:\maven_repository\maven_repository\org\mybatis\mybatis\3.4.5\mybatis-3.4.5.jar;F:\maven_repository\maven_repository\org\mybatis\mybatis-spring\1.3.1\mybatis-spring-1.3.1.jar;F:\maven_repository\maven_repository\com\fasterxml\jackson\core\jackson-databind\2.10.2\jackson-databind-2.10.2.jar;F:\maven_repository\maven_repository\com\fasterxml\jackson\core\jackson-core\2.10.2\jackson-core-2.10.2.jar;F:\maven_repository\maven_repository\com\fasterxml\jackson\core\jackson-annotations\2.10.2\jackson-annotations-2.10.2.jar;F:\maven_repository\maven_repository\org\hibernate\hibernate-validator\5.4.1.Final\hibernate-validator-5.4.1.Final.jar;F:\maven_repository\maven_repository\javax\validation\validation-api\1.1.0.Final\validation-api-1.1.0.Final.jar;F:\maven_repository\maven_repository\org\jboss\logging\jboss-logging\3.3.0.Final\jboss-logging-3.3.0.Final.jar;F:\maven_repository\maven_repository\com\fasterxml\classmate\1.3.1\classmate-1.3.1.jar;F:\maven_repository\maven_repository\com\github\pagehelper\pagehelper\5.0.0\pagehelper-5.0.0.jar;F:\maven_repository\maven_repository\com\github\jsqlparser\jsqlparser\0.9.5\jsqlparser-0.9.5.jar;F:\maven_repository\maven_repository\org\mybatis\generator\mybatis-generator-core\1.3.5\mybatis-generator-core-1.3.5.jar;F:\maven_repository\maven_repository\log4j\log4j\1.2.12\log4j-1.2.12.jar;F:\maven_repository\maven_repository\org\slf4j\slf4j-api\1.6.6\slf4j-api-1.6.6.jar;F:\maven_repository\maven_repository\org\slf4j\slf4j-log4j12\1.6.6\slf4j-log4j12-1.6.6.jar;"/>
    <property name="java.vm.vendor" value="JetBrains s.r.o"/>
    <property name="sun.arch.data.model" value="64"/>
    <property name="user.variant" value=""/>
    <property name="java.vendor.url" value="https://www.jetbrains.com/"/>
    <property name="user.timezone" value="Asia/Shanghai"/>
    <property name="java.vm.specification.version" value="11"/>
    <property name="os.name" value="Windows 10"/>
    <property name="sun.java.launcher" value="SUN_STANDARD"/>
    <property name="user.country" value="CN"/>
    <property name="sun.boot.library.path" value="C:\Program Files\JetBrains\IntelliJ IDEA 2019.2.4\jbr\bin"/>
    <property name="sun.java.command" value="C:\Users\lenovo\AppData\Local\Temp\surefire10331006455062140482\surefirebooter6873278871521385789.jar C:\Users\lenovo\AppData\Local\Temp\surefire10331006455062140482 2020-03-14T00-19-45_762-jvmRun1 surefire5592650132431644242tmp surefire_02567934734026177264tmp"/>
    <property name="jdk.debug" value="release"/>
    <property name="surefire.test.class.path" value="C:\Users\lenovo\IdeaProjects\SSM_CRUD\target\test-classes;C:\Users\lenovo\IdeaProjects\SSM_CRUD\target\classes;F:\maven_repository\maven_repository\org\aspectj\aspectjweaver\1.6.8\aspectjweaver-1.6.8.jar;F:\maven_repository\maven_repository\org\springframework\spring-aop\5.0.2.RELEASE\spring-aop-5.0.2.RELEASE.jar;F:\maven_repository\maven_repository\org\springframework\spring-beans\5.0.2.RELEASE\spring-beans-5.0.2.RELEASE.jar;F:\maven_repository\maven_repository\org\springframework\spring-core\5.0.2.RELEASE\spring-core-5.0.2.RELEASE.jar;F:\maven_repository\maven_repository\org\springframework\spring-jcl\5.0.2.RELEASE\spring-jcl-5.0.2.RELEASE.jar;F:\maven_repository\maven_repository\org\springframework\spring-context\5.0.2.RELEASE\spring-context-5.0.2.RELEASE.jar;F:\maven_repository\maven_repository\org\springframework\spring-expression\5.0.2.RELEASE\spring-expression-5.0.2.RELEASE.jar;F:\maven_repository\maven_repository\org\springframework\spring-web\5.0.2.RELEASE\spring-web-5.0.2.RELEASE.jar;F:\maven_repository\maven_repository\org\springframework\spring-webmvc\5.0.2.RELEASE\spring-webmvc-5.0.2.RELEASE.jar;F:\maven_repository\maven_repository\org\springframework\spring-test\5.0.2.RELEASE\spring-test-5.0.2.RELEASE.jar;F:\maven_repository\maven_repository\org\springframework\spring-tx\5.0.2.RELEASE\spring-tx-5.0.2.RELEASE.jar;F:\maven_repository\maven_repository\org\springframework\spring-jdbc\5.0.2.RELEASE\spring-jdbc-5.0.2.RELEASE.jar;F:\maven_repository\maven_repository\junit\junit\4.12\junit-4.12.jar;F:\maven_repository\maven_repository\org\hamcrest\hamcrest-core\1.3\hamcrest-core-1.3.jar;F:\maven_repository\maven_repository\c3p0\c3p0\0.9.1.2\c3p0-0.9.1.2.jar;F:\maven_repository\maven_repository\mysql\mysql-connector-java\5.1.6\mysql-connector-java-5.1.6.jar;F:\maven_repository\maven_repository\jstl\jstl\1.2\jstl-1.2.jar;F:\maven_repository\maven_repository\javax\servlet\jsp\jsp-api\2.0\jsp-api-2.0.jar;F:\maven_repository\maven_repository\javax\servlet\javax.servlet-api\3.0.1\javax.servlet-api-3.0.1.jar;F:\maven_repository\maven_repository\org\mybatis\mybatis\3.4.5\mybatis-3.4.5.jar;F:\maven_repository\maven_repository\org\mybatis\mybatis-spring\1.3.1\mybatis-spring-1.3.1.jar;F:\maven_repository\maven_repository\com\fasterxml\jackson\core\jackson-databind\2.10.2\jackson-databind-2.10.2.jar;F:\maven_repository\maven_repository\com\fasterxml\jackson\core\jackson-core\2.10.2\jackson-core-2.10.2.jar;F:\maven_repository\maven_repository\com\fasterxml\jackson\core\jackson-annotations\2.10.2\jackson-annotations-2.10.2.jar;F:\maven_repository\maven_repository\org\hibernate\hibernate-validator\5.4.1.Final\hibernate-validator-5.4.1.Final.jar;F:\maven_repository\maven_repository\javax\validation\validation-api\1.1.0.Final\validation-api-1.1.0.Final.jar;F:\maven_repository\maven_repository\org\jboss\logging\jboss-logging\3.3.0.Final\jboss-logging-3.3.0.Final.jar;F:\maven_repository\maven_repository\com\fasterxml\classmate\1.3.1\classmate-1.3.1.jar;F:\maven_repository\maven_repository\com\github\pagehelper\pagehelper\5.0.0\pagehelper-5.0.0.jar;F:\maven_repository\maven_repository\com\github\jsqlparser\jsqlparser\0.9.5\jsqlparser-0.9.5.jar;F:\maven_repository\maven_repository\org\mybatis\generator\mybatis-generator-core\1.3.5\mybatis-generator-core-1.3.5.jar;F:\maven_repository\maven_repository\log4j\log4j\1.2.12\log4j-1.2.12.jar;F:\maven_repository\maven_repository\org\slf4j\slf4j-api\1.6.6\slf4j-api-1.6.6.jar;F:\maven_repository\maven_repository\org\slf4j\slf4j-log4j12\1.6.6\slf4j-log4j12-1.6.6.jar;"/>
    <property name="sun.cpu.endian" value="little"/>
    <property name="user.home" value="C:\Users\lenovo"/>
    <property name="user.language" value="zh"/>
    <property name="java.specification.vendor" value="Oracle Corporation"/>
    <property name="java.version.date" value="2019-07-16"/>
    <property name="java.home" value="C:\Program Files\JetBrains\IntelliJ IDEA 2019.2.4\jbr"/>
    <property name="file.separator" value="\"/>
    <property name="basedir" value="C:\Users\lenovo\IdeaProjects\SSM_CRUD"/>
    <property name="java.vm.compressedOopsMode" value="32-bit"/>
    <property name="line.separator" value="&#10;"/>
    <property name="idea.version2019.2.4" value="true"/>
    <property name="java.specification.name" value="Java Platform API Specification"/>
    <property name="java.vm.specification.vendor" value="Oracle Corporation"/>
    <property name="java.awt.graphicsenv" value="sun.awt.Win32GraphicsEnvironment"/>
    <property name="surefire.real.class.path" value="C:\Users\lenovo\AppData\Local\Temp\surefire10331006455062140482\surefirebooter6873278871521385789.jar"/>
    <property name="user.script" value=""/>
    <property name="sun.management.compiler" value="HotSpot 64-Bit Tiered Compilers"/>
    <property name="java.runtime.version" value="11.0.4+10-b304.77"/>
    <property name="user.name" value="lenovo"/>
    <property name="path.separator" value=";"/>
    <property name="os.version" value="10.0"/>
    <property name="java.runtime.name" value="OpenJDK Runtime Environment"/>
    <property name="file.encoding" value="GBK"/>
    <property name="java.vm.name" value="OpenJDK 64-Bit Server VM"/>
    <property name="localRepository" value="F:\maven_repository\maven_repository"/>
    <property name="java.vendor.url.bug" value="https://youtrack.jetbrains.com"/>
    <property name="java.io.tmpdir" value="C:\Users\lenovo\AppData\Local\Temp\"/>
    <property name="java.version" value="11.0.4"/>
    <property name="user.dir" value="C:\Users\lenovo\IdeaProjects\SSM_CRUD"/>
    <property name="os.arch" value="amd64"/>
    <property name="java.vm.specification.name" value="Java Virtual Machine Specification"/>
    <property name="java.awt.printerjob" value="sun.awt.windows.WPrinterJob"/>
    <property name="sun.os.patch.level" value=""/>
    <property name="java.library.path" value="C:\Program Files\JetBrains\IntelliJ IDEA 2019.2.4\jbr\bin;C:\WINDOWS\Sun\Java\bin;C:\WINDOWS\system32;C:\WINDOWS;C:\Program Files\Java\jre1.8.0_202\bin;C:\Program Files (x86)\Common Files\Oracle\Java\javapath;C:\WINDOWS\system32;C:\WINDOWS;C:\WINDOWS\System32\Wbem;C:\WINDOWS\System32\WindowsPowerShell\v1.0\;C:\WINDOWS\System32\OpenSSH\;F:\mysql-5.6.43-winx64\bin;C:\Program Files (x86)\Microsoft SQL Server\100\Tools\Binn\;C:\Program Files\Microsoft SQL Server\100\Tools\Binn\;C:\Program Files\Microsoft SQL Server\100\DTS\Binn\;F:\Maven\apache-maven-3.5.2\bin;C:\Users\lenovo\AppData\Local\Android\Sdk\platform-tools;C:\Users\lenovo\AppData\Local\Android\Sdk\tools;C:\Program Files\Git\cmd;C:\Program Files\TortoiseGit\bin;C:\Users\lenovo\AppData\Local\Microsoft\WindowsApps;;C:\Program Files\JetBrains\IntelliJ IDEA 2019.2.4\bin;;."/>
    <property name="java.vendor" value="JetBrains s.r.o"/>
    <property name="java.vm.info" value="mixed mode, sharing"/>
    <property name="java.vm.version" value="11.0.4+10-b304.77"/>
    <property name="sun.io.unicode.encoding" value="UnicodeLittle"/>
    <property name="java.class.version" value="55.0"/>
  </properties>
  <testcase name="test" classname="cn.lbd.test.TestController" time="1.213">
    <error type="java.lang.NullPointerException">java.lang.NullPointerException
	at cn.lbd.test.TestController.test(TestController.java:41)
</error>
    <system-out><![CDATA[2020-03-14 00:19:52,866 0      [           main] INFO  web.WebTestContextBootstrapper  - Loaded default TestExecutionListener class names from location [META-INF/spring.factories]: [org.springframework.test.context.web.ServletTestExecutionListener, org.springframework.test.context.support.DirtiesContextBeforeModesTestExecutionListener, org.springframework.test.context.support.DependencyInjectionTestExecutionListener, org.springframework.test.context.support.DirtiesContextTestExecutionListener, org.springframework.test.context.transaction.TransactionalTestExecutionListener, org.springframework.test.context.jdbc.SqlScriptsTestExecutionListener]
2020-03-14 00:19:53,011 145    [           main] INFO  web.WebTestContextBootstrapper  - Using TestExecutionListeners: [org.springframework.test.context.web.ServletTestExecutionListener@5e316c74, org.springframework.test.context.support.DirtiesContextBeforeModesTestExecutionListener@6d2a209c, org.springframework.test.context.support.DependencyInjectionTestExecutionListener@75329a49, org.springframework.test.context.support.DirtiesContextTestExecutionListener@161479c6, org.springframework.test.context.transaction.TransactionalTestExecutionListener@4313f5bc, org.springframework.test.context.jdbc.SqlScriptsTestExecutionListener@7f010382]
2020-03-14 00:19:53,312 446    [           main] INFO  ry.xml.XmlBeanDefinitionReader  - Loading XML bean definitions from class path resource [ApplicationContext.xml]
2020-03-14 00:19:53,960 1094   [           main] INFO  ry.xml.XmlBeanDefinitionReader  - Loading XML bean definitions from class path resource [Springmvc.xml]
2020-03-14 00:19:54,481 1615   [           main] INFO  t.GenericWebApplicationContext  - Refreshing org.springframework.web.context.support.GenericWebApplicationContext@31368b99: startup date [Sat Mar 14 00:19:54 CST 2020]; root of context hierarchy
2020-03-14 00:19:55,337 2471   [           main] INFO         com.mchange.v2.log.MLog  - MLog clients using log4j logging.
2020-03-14 00:19:56,052 3186   [           main] INFO  m.mchange.v2.c3p0.C3P0Registry  - Initializing c3p0-0.9.1.2 [built 21-May-2007 15:04:56; debug? true; trace: 10]
2020-03-14 00:20:00,264 7398   [           main] INFO  andler.SimpleUrlHandlerMapping  - Mapped URL path [/static/**] onto handler 'org.springframework.web.servlet.resource.ResourceHttpRequestHandler#0'
2020-03-14 00:20:00,483 7617   [           main] INFO  n.RequestMappingHandlerMapping  - Mapped "{[/department/findAll]}" onto public cn.lbd.domain.Msg cn.lbd.controller.DepartmentController.findAll()
2020-03-14 00:20:00,500 7634   [           main] INFO  n.RequestMappingHandlerMapping  - Mapped "{[/employee/findAll],methods=[POST]}" onto public cn.lbd.domain.Msg cn.lbd.controller.EmployeeController.saveEmp(cn.lbd.domain.Employee,org.springframework.validation.BindingResult)
2020-03-14 00:20:00,500 7634   [           main] INFO  n.RequestMappingHandlerMapping  - Mapped "{[/employee/findAll/{empId}],methods=[PUT]}" onto public cn.lbd.domain.Msg cn.lbd.controller.EmployeeController.updateEmp(cn.lbd.domain.Employee,javax.servlet.http.HttpServletRequest)
2020-03-14 00:20:00,500 7634   [           main] INFO  n.RequestMappingHandlerMapping  - Mapped "{[/employee/findAll/{empIds}],methods=[DELETE]}" onto public cn.lbd.domain.Msg cn.lbd.controller.EmployeeController.deleteEmp(java.lang.String)
2020-03-14 00:20:00,500 7634   [           main] INFO  n.RequestMappingHandlerMapping  - Mapped "{[/employee/checkempName]}" onto public cn.lbd.domain.Msg cn.lbd.controller.EmployeeController.checkempName(java.lang.String)
2020-03-14 00:20:00,500 7634   [           main] INFO  n.RequestMappingHandlerMapping  - Mapped "{[/employee/findAll/{id}],methods=[GET]}" onto public cn.lbd.domain.Msg cn.lbd.controller.EmployeeController.getEmp(java.lang.Integer)
2020-03-14 00:20:00,500 7634   [           main] INFO  n.RequestMappingHandlerMapping  - Mapped "{[/employee/findAll]}" onto public cn.lbd.domain.Msg cn.lbd.controller.EmployeeController.findAllWithJson(java.lang.Integer)
2020-03-14 00:20:00,643 7777   [           main] INFO  alidator.internal.util.Version  - HV000001: Hibernate Validator 5.4.1.Final
2020-03-14 00:20:01,099 8233   [           main] INFO  n.RequestMappingHandlerAdapter  - Looking for @ControllerAdvice: org.springframework.web.context.support.GenericWebApplicationContext@31368b99: startup date [Sat Mar 14 00:19:54 CST 2020]; root of context hierarchy
2020-03-14 00:20:01,162 8296   [           main] INFO  n.RequestMappingHandlerAdapter  - Looking for @ControllerAdvice: org.springframework.web.context.support.GenericWebApplicationContext@31368b99: startup date [Sat Mar 14 00:19:54 CST 2020]; root of context hierarchy
2020-03-14 00:20:01,295 8429   [           main] INFO  rk.mock.web.MockServletContext  - Initializing Spring FrameworkServlet ''
2020-03-14 00:20:01,295 8429   [           main] INFO  .servlet.TestDispatcherServlet  - FrameworkServlet '': initialization started
2020-03-14 00:20:01,313 8447   [           main] INFO  .servlet.TestDispatcherServlet  - FrameworkServlet '': initialization completed in 17 ms
2020-03-14 00:20:01,464 8598   [           main] INFO  l.AbstractPoolBackedDataSource  - Initializing c3p0 pool... com.mchange.v2.c3p0.ComboPooledDataSource [ acquireIncrement -> 3, acquireRetryAttempts -> 30, acquireRetryDelay -> 1000, autoCommitOnClose -> false, automaticTestTable -> null, breakAfterAcquireFailure -> false, checkoutTimeout -> 0, connectionCustomizerClassName -> null, connectionTesterClassName -> com.mchange.v2.c3p0.impl.DefaultConnectionTester, dataSourceName -> 1hgf7y9a81n0juki1d89phm|546ccad7, debugUnreturnedConnectionStackTraces -> false, description -> null, driverClass -> com.mysql.jdbc.Driver, factoryClassLocation -> null, forceIgnoreUnresolvedTransactions -> false, identityToken -> 1hgf7y9a81n0juki1d89phm|546ccad7, idleConnectionTestPeriod -> 0, initialPoolSize -> 3, jdbcUrl -> jdbc:mysql://localhost:3306/ssm_curd?characterEncoding=utf-8, maxAdministrativeTaskTime -> 0, maxConnectionAge -> 0, maxIdleTime -> 0, maxIdleTimeExcessConnections -> 0, maxPoolSize -> 15, maxStatements -> 0, maxStatementsPerConnection -> 0, minPoolSize -> 3, numHelperThreads -> 3, numThreadsAwaitingCheckoutDefaultUser -> 0, preferredTestQuery -> null, properties -> {password=******, user=******}, propertyCycle -> 0, testConnectionOnCheckin -> false, testConnectionOnCheckout -> false, unreturnedConnectionTimeout -> 0, usesTraditionalReflectiveProxies -> false ]
]]></system-out>
  </testcase>
</testsuite>